# JRE version: OpenJDK Runtime Environment (11.0.13+8) (build 11.0.13+8-Ubuntu-0ubuntu1.20.04)
# Java VM: OpenJDK 64-Bit Server VM (11.0.13+8-Ubuntu-0ubuntu1.20.04, mixed mode, sharing, tiered, compressed oops, g1 gc, linux-amd64)
Heap:
 garbage-first heap   total 321536K, used 13621K [0x00000006c8a00000, 0x0000000800000000)
  region size 1024K, 10 young (10240K), 9 survivors (9216K)
 Metaspace       used 20848K, capacity 21192K, committed 21424K, reserved 1067008K
  class space    used 3601K, capacity 3737K, committed 3840K, reserved 1048576K
GC Heap History (8 events):
Event: 1.424 GC heap before
{Heap before GC invocations=0 (full 0):
 garbage-first heap   total 321536K, used 15048K [0x00000006c8a00000, 0x0000000800000000)
  region size 1024K, 15 young (15360K), 0 survivors (0K)
 Metaspace       used 5094K, capacity 7118K, committed 7424K, reserved 1056768K
  class space    used 476K, capacity 692K, committed 768K, reserved 1048576K
}
Event: 1.455 GC heap after
{Heap after GC invocations=1 (full 0):
 garbage-first heap   total 321536K, used 3742K [0x00000006c8a00000, 0x0000000800000000)
  region size 1024K, 2 young (2048K), 2 survivors (2048K)
 Metaspace       used 5094K, capacity 7118K, committed 7424K, reserved 1056768K
  class space    used 476K, capacity 692K, committed 768K, reserved 1048576K
}
Event: 2.080 GC heap before
{Heap before GC invocations=1 (full 0):
 garbage-first heap   total 321536K, used 17054K [0x00000006c8a00000, 0x0000000800000000)
  region size 1024K, 15 young (15360K), 2 survivors (2048K)
 Metaspace       used 9003K, capacity 9830K, committed 9984K, reserved 1058816K
  class space    used 930K, capacity 1023K, committed 1024K, reserved 1048576K
}
Event: 2.091 GC heap after
{Heap after GC invocations=2 (full 0):
 garbage-first heap   total 321536K, used 5031K [0x00000006c8a00000, 0x0000000800000000)
  region size 1024K, 2 young (2048K), 2 survivors (2048K)
 Metaspace       used 9003K, capacity 9830K, committed 9984K, reserved 1058816K
  class space    used 930K, capacity 1023K, committed 1024K, reserved 1048576K
}
Event: 2.970 GC heap before
{Heap before GC invocations=2 (full 0):
 garbage-first heap   total 321536K, used 35751K [0x00000006c8a00000, 0x0000000800000000)
  region size 1024K, 32 young (32768K), 2 survivors (2048K)
 Metaspace       used 13812K, capacity 14501K, committed 14848K, reserved 1060864K
  class space    used 2331K, capacity 2447K, committed 2560K, reserved 1048576K
}
Event: 2.980 GC heap after
{Heap after GC invocations=3 (full 0):
 garbage-first heap   total 321536K, used 7084K [0x00000006c8a00000, 0x0000000800000000)
  region size 1024K, 4 young (4096K), 4 survivors (4096K)
 Metaspace       used 13812K, capacity 14501K, committed 14848K, reserved 1060864K
  class space    used 2331K, capacity 2447K, committed 2560K, reserved 1048576K
}
Event: 4.447 GC heap before
{Heap before GC invocations=3 (full 0):
 garbage-first heap   total 321536K, used 48044K [0x00000006c8a00000, 0x0000000800000000)
  region size 1024K, 45 young (46080K), 4 survivors (4096K)
 Metaspace       used 20817K, capacity 21160K, committed 21296K, reserved 1067008K
  class space    used 3597K, capacity 3705K, committed 3712K, reserved 1048576K
}
Event: 4.482 GC heap after
{Heap after GC invocations=4 (full 0):
 garbage-first heap   total 321536K, used 13621K [0x00000006c8a00000, 0x0000000800000000)
  region size 1024K, 9 young (9216K), 9 survivors (9216K)
 Metaspace       used 20817K, capacity 21160K, committed 21296K, reserved 1067008K
  class space    used 3597K, capacity 3705K, committed 3712K, reserved 1048576K
}

