<?xml version="1.0" encoding="UTF-8"?>
<testsuite xmlns:xsi="http://www.w3.org/2001/XMLSchema-instance" xsi:noNamespaceSchemaLocation="https://maven.apache.org/surefire/maven-surefire-plugin/xsd/surefire-test-report.xsd" name="za.co.wethinkcode.weshare.user.nettexpenses.UserHasClaimsTests" time="1.796" tests="1" errors="0" skipped="0" failures="0">
  <properties>
[...]
</properties>
  <testcase name="hasClaims" classname="za.co.wethinkcode.weshare.user.nettexpenses.UserHasClaimsTests" time="1.783"/>
</testsuite>